/store/data/Run2023D/Muon1/NANOAOD/PromptReco-v1/000/370/332/00000/b9f37be7-21f0-4b61-a7e9-d25c2b4bc634.root
input:  root://cmsxrootd.fnal.gov//store/data/Run2023D/Muon1/NANOAOD/PromptReco-v1/000/370/332/00000/b9f37be7-21f0-4b61-a7e9-d25c2b4bc634.root
entries in old tree:  0
ifTest= False   ifForHardronic= True
branch not exist:  HLT_PFHT450_SixPFJet36_PFBTagDeepCSV_1p59 !!!

branch not exist:  HLT_PFHT400_SixPFJet32_DoublePFBTagDeepCSV_2p94 !!!

branch not exist:  HLT_PFHT400_SixPFJet32_DoublePFBTagDeepJet_2p94 !!!

branch not exist:  HLT_PFHT450_SixPFJet36_PFBTagDeepJet_1p59 !!!

branch not exist:  HLT_PFHT450_SixPFJet36_PNetBTag0p35 !!!

branch not exist:  HLT_PFHT400_SixPFJet32_PNet2BTagMean0p50 !!!

branch not exist:  HLT_PFHT330PT30_QuadPFJet_75_60_45_40 !!!

branch not exist:  HLT_IsoMu27 !!!

branch not exist:  HLT_Ele30_eta2p1_WPTight_Gsf_CentralPFJet35_EleCleaned !!!

branch not exist:  HLT_Ele28_eta2p1_WPTight_Gsf_HT150 !!!

branch not exist:  run !!!

branch not exist:  nJet !!!

branch not exist:  Jet_pt !!!

branch not exist:  Jet_eta !!!

branch not exist:  Jet_btagDeepFlavB !!!

branch not exist:  Jet_btagPNetB !!!

branch not exist:  nElectron !!!

branch not exist:  Electron_pt !!!

branch not exist:  Electron_eta !!!

branch not exist:  Electron_cutBased !!!

