TClass::Init:0: RuntimeWarning: no dictionary for class edm::Hash<1> is available
TClass::Init:0: RuntimeWarning: no dictionary for class edm::ParameterSetBlob is available
TClass::Init:0: RuntimeWarning: no dictionary for class edm::ProcessHistory is available
TClass::Init:0: RuntimeWarning: no dictionary for class edm::ProcessConfiguration is available
TClass::Init:0: RuntimeWarning: no dictionary for class pair<edm::Hash<1>,edm::ParameterSetBlob> is available
Traceback (most recent call last):
  File "skimNano.py", line 152, in <module>
    main(args['arg1'], args['arg2'], False, False) #ele
  File "skimNano.py", line 84, in main
    os.makedirs(outDir)
  File "/usr/lib64/python3.6/os.py", line 210, in makedirs
    makedirs(head, mode, exist_ok)
  File "/usr/lib64/python3.6/os.py", line 210, in makedirs
    makedirs(head, mode, exist_ok)
  File "/usr/lib64/python3.6/os.py", line 210, in makedirs
    makedirs(head, mode, exist_ok)
  [Previous line repeated 1 more time]
  File "/usr/lib64/python3.6/os.py", line 220, in makedirs
    mkdir(name, mode)
OSError: [Errno 107] Transport endpoint is not connected: '/eos/user/v'
