000 (8277885.000.000) 06/30 04:33:50 Job submitted from host: <137.138.156.150:9618?addrs=137.138.156.150-9618+[2001-1458-d00-14--9a]-9618&alias=bigbird13.cern.ch&noUDP&sock=schedd_1951_cd5c>
...
040 (8277885.000.000) 06/30 04:36:12 Started transferring input files
	Transferring to host: <188.184.163.149:9618?addrs=188.184.163.149-9618+[2001-1458-301-4d--100-8f]-9618&alias=b7s12p5059.cern.ch&noUDP&sock=slot1_13_160205_aa4c_4487>
...
040 (8277885.000.000) 06/30 04:36:12 Finished transferring input files
...
001 (8277885.000.000) 06/30 04:36:13 Job executing on host: <188.184.163.149:9618?addrs=188.184.163.149-9618+[2001-1458-301-4d--100-8f]-9618&alias=b7s12p5059.cern.ch&noUDP&sock=startd_112131_1e29>
...
006 (8277885.000.000) 06/30 04:36:22 Image size of job updated: 144052
	99  -  MemoryUsage of job (MB)
	100652  -  ResidentSetSize of job (KB)
...
006 (8277885.000.000) 06/30 04:41:23 Image size of job updated: 916392
	104  -  MemoryUsage of job (MB)
	105928  -  ResidentSetSize of job (KB)
...
006 (8277885.000.000) 06/30 04:46:23 Image size of job updated: 916392
	104  -  MemoryUsage of job (MB)
	106424  -  ResidentSetSize of job (KB)
...
006 (8277885.000.000) 06/30 04:51:24 Image size of job updated: 916524
	104  -  MemoryUsage of job (MB)
	106452  -  ResidentSetSize of job (KB)
...
006 (8277885.000.000) 06/30 04:56:25 Image size of job updated: 916824
	105  -  MemoryUsage of job (MB)
	106556  -  ResidentSetSize of job (KB)
...
006 (8277885.000.000) 06/30 05:01:25 Image size of job updated: 916824
	105  -  MemoryUsage of job (MB)
	106580  -  ResidentSetSize of job (KB)
...
006 (8277885.000.000) 06/30 05:11:27 Image size of job updated: 916976
	105  -  MemoryUsage of job (MB)
	106992  -  ResidentSetSize of job (KB)
...
006 (8277885.000.000) 06/30 05:46:30 Image size of job updated: 917120
	105  -  MemoryUsage of job (MB)
	107216  -  ResidentSetSize of job (KB)
...
040 (8277885.000.000) 06/30 06:17:57 Started transferring output files
...
040 (8277885.000.000) 06/30 06:17:57 Finished transferring output files
...
005 (8277885.000.000) 06/30 06:17:57 Job terminated.
	(1) Normal termination (return value 0)
		Usr 0 01:37:34, Sys 0 00:00:17  -  Run Remote Usage
		Usr 0 00:00:00, Sys 0 00:00:00  -  Run Local Usage
		Usr 0 01:37:34, Sys 0 00:00:17  -  Total Remote Usage
		Usr 0 00:00:00, Sys 0 00:00:00  -  Total Local Usage
	6160  -  Run Bytes Sent By Job
	110  -  Run Bytes Received By Job
	6160  -  Total Bytes Sent By Job
	110  -  Total Bytes Received By Job
	Partitionable Resources :    Usage  Request Allocated 
	   Cpus                 :     0.98        1         1 
	   Disk (KB)            :    26           1   2939732 
	   Memory (MB)          :   105        2000      2000 

	Job terminated of its own accord at 2023-06-30T04:17:56Z.
...
